C51 COMPILER V9.60.0.0   GAME                                                              12/29/2022 18:20:58 PAGE 1   


C51 COMPILER V9.60.0.0, COMPILATION OF MODULE GAME
OBJECT MODULE PLACED IN game.OBJ
COMPILER INVOKED BY: H:\keil mdk\C51\BIN\C51.EXE game.c OPTIMIZE(8,SPEED) BROWSE DEBUG OBJECTEXTEND TABS(2)

line level    source

   1          #include <reg52.h>
   2          #include <display_drive.h>
   3          #include <Tetris_define.h>
   4          #include <button_drive.h>
   5          #include <Tetris.h>
   6          
   7          void main()
   8          {  
   9   1        Init_Max7219();
  10   1        uart_init();
  11   1        game_start_show();
  12   1      }


MODULE INFORMATION:   STATIC OVERLAYABLE
   CODE SIZE        =   3338    ----
   CONSTANT SIZE    =    414    ----
   XDATA SIZE       =   ----    ----
   PDATA SIZE       =   ----    ----
   DATA SIZE        =     60      12
   IDATA SIZE       =     42    ----
   BIT SIZE         =      3       5
END OF MODULE INFORMATION.


C51 COMPILATION COMPLETE.  0 WARNING(S),  0 ERROR(S)
